2018-06-30 18:47:25,512 - Loaded System Directive: org.apache.velocity.runtime.directive.Literal
2018-06-30 18:47:25,517 - Loaded System Directive: org.apache.velocity.runtime.directive.Macro
2018-06-30 18:47:25,524 - Loaded System Directive: org.apache.velocity.runtime.directive.Parse
2018-06-30 18:47:25,530 - Loaded System Directive: org.apache.velocity.runtime.directive.Include
2018-06-30 18:47:25,532 - Loaded System Directive: org.apache.velocity.runtime.directive.Foreach
2018-06-30 18:47:25,535 - Loaded User Directive: net.sf.navigator.displayer.LocalDirective
2018-06-30 18:47:25,608 - Created: 20 parsers.
2018-06-30 18:47:25,626 - Velocimacro : initialization starting.
2018-06-30 18:47:25,626 - Velocimacro : adding VMs from VM library template : net/sf/navigator/displayer/globalMacros.vm
2018-06-30 18:47:25,650 - Velocimacro : added new VM : #eval( _macro ) : source = net/sf/navigator/displayer/globalMacros.vm
2018-06-30 18:47:25,685 - Velocimacro : added new VM : #displayMenu( menu level ) : source = net/sf/navigator/displayer/globalMacros.vm
2018-06-30 18:47:25,759 - ResourceManager : found net/sf/navigator/displayer/globalMacros.vm with loader org.apache.velocity.runtime.resource.loader.ClasspathResourceLoader
2018-06-30 18:47:25,760 - Velocimacro :  VM library template macro registration complete.
2018-06-30 18:47:25,760 - Velocimacro : adding VMs from VM library template : menuMacros.vm
2018-06-30 18:47:25,762 - ResourceManager : unable to find resource 'menuMacros.vm' in any resource loader.
2018-06-30 18:47:25,762 - Velocimacro : error using  VM library template menuMacros.vm : org.apache.velocity.exception.ResourceNotFoundException: Unable to find resource 'menuMacros.vm'
2018-06-30 18:47:25,763 - Velocimacro :  VM library template macro registration complete.
2018-06-30 18:47:25,763 - Velocimacro : allowInline = true : VMs can be defined inline in templates
2018-06-30 18:47:25,763 - Velocimacro : allowInlineToOverride = true : VMs defined inline may replace previous VM definitions
2018-06-30 18:47:25,763 - Velocimacro : allowInlineLocal = false : VMs defined inline will be  global in scope if allowed.
2018-06-30 18:47:25,763 - Velocimacro : messages on  : VM system will output logging messages
2018-06-30 18:47:25,763 - Velocimacro : autoload on  : VM system will automatically reload global library macros
2018-06-30 18:47:25,764 - Velocimacro : initialization complete.
2018-06-30 18:47:25,764 - Velocity successfully started.
2018-06-30 18:47:55,226 - Velocimacro : added new VM : #displayCssMenu( menu ) : source = WEB-INF/classes/cssHorizontalMenu.vm
2018-06-30 18:47:55,229 - Velocimacro : added new VM : #displayCssSubMenu( submenu ) : source = WEB-INF/classes/cssHorizontalMenu.vm
2018-06-30 18:47:55,231 - VM #displayCssSubMenu: error : too few arguments to macro. Wanted 1 got 0
2018-06-30 18:47:55,249 - ResourceManager : found WEB-INF/classes/cssHorizontalMenu.vm with loader org.apache.velocity.tools.view.servlet.WebappLoader
2018-06-30 19:11:44,678 - SimpleLog4JLogSystem initialized using logfile 'velocity.log'
2018-06-30 19:11:44,680 - ************************************************************** 
2018-06-30 19:11:44,680 - Starting Jakarta Velocity v1.4
2018-06-30 19:11:44,680 - RuntimeInstance initializing.
2018-06-30 19:11:44,680 - Default Properties File: org\apache\velocity\runtime\defaults\velocity.properties
2018-06-30 19:11:44,680 - Trying to use logger class org.apache.velocity.runtime.log.AvalonLogSystem
2018-06-30 19:11:44,681 - Couldn't find class org.apache.velocity.runtime.log.AvalonLogSystem or necessary supporting classes in classpath. Exception : java.lang.NoClassDefFoundError: org/apache/log/format/Formatter
2018-06-30 19:11:44,681 - Trying to use logger class org.apache.velocity.runtime.log.SimpleLog4JLogSystem
2018-06-30 19:11:44,681 - Using logger class org.apache.velocity.runtime.log.SimpleLog4JLogSystem
2018-06-30 19:11:44,690 - Default ResourceManager initializing. (class org.apache.velocity.runtime.resource.ResourceManagerImpl)
2018-06-30 19:11:44,698 - Resource Loader Instantiated: org.apache.velocity.runtime.resource.loader.ClasspathResourceLoader
2018-06-30 19:11:44,699 - ClasspathResourceLoader : initialization starting.
2018-06-30 19:11:44,699 - ClasspathResourceLoader : initialization complete.
2018-06-30 19:11:44,699 - Resource Loader Instantiated: org.apache.velocity.tools.view.servlet.WebappLoader
2018-06-30 19:11:44,699 - WebappLoader : initialization starting.
2018-06-30 19:11:44,700 - WebappLoader : initialization complete.
2018-06-30 19:11:44,706 - ResourceCache : initialized. (class org.apache.velocity.runtime.resource.ResourceCacheImpl)
2018-06-30 19:11:44,707 - Default ResourceManager initialization complete.
2018-06-30 19:11:44,712 - Loaded System Directive: org.apache.velocity.runtime.directive.Literal
2018-06-30 19:11:44,719 - Loaded System Directive: org.apache.velocity.runtime.directive.Macro
2018-06-30 19:11:44,729 - Loaded System Directive: org.apache.velocity.runtime.directive.Parse
2018-06-30 19:11:44,736 - Loaded System Directive: org.apache.velocity.runtime.directive.Include
2018-06-30 19:11:44,741 - Loaded System Directive: org.apache.velocity.runtime.directive.Foreach
2018-06-30 19:11:44,743 - Loaded User Directive: net.sf.navigator.displayer.LocalDirective
2018-06-30 19:11:44,829 - Created: 20 parsers.
2018-06-30 19:11:44,848 - Velocimacro : initialization starting.
2018-06-30 19:11:44,848 - Velocimacro : adding VMs from VM library template : net/sf/navigator/displayer/globalMacros.vm
2018-06-30 19:11:44,874 - Velocimacro : added new VM : #eval( _macro ) : source = net/sf/navigator/displayer/globalMacros.vm
2018-06-30 19:11:44,908 - Velocimacro : added new VM : #displayMenu( menu level ) : source = net/sf/navigator/displayer/globalMacros.vm
2018-06-30 19:11:44,980 - ResourceManager : found net/sf/navigator/displayer/globalMacros.vm with loader org.apache.velocity.runtime.resource.loader.ClasspathResourceLoader
2018-06-30 19:11:44,981 - Velocimacro :  VM library template macro registration complete.
2018-06-30 19:11:44,981 - Velocimacro : adding VMs from VM library template : menuMacros.vm
2018-06-30 19:11:44,983 - ResourceManager : unable to find resource 'menuMacros.vm' in any resource loader.
2018-06-30 19:11:44,984 - Velocimacro : error using  VM library template menuMacros.vm : org.apache.velocity.exception.ResourceNotFoundException: Unable to find resource 'menuMacros.vm'
2018-06-30 19:11:44,984 - Velocimacro :  VM library template macro registration complete.
2018-06-30 19:11:44,984 - Velocimacro : allowInline = true : VMs can be defined inline in templates
2018-06-30 19:11:44,984 - Velocimacro : allowInlineToOverride = true : VMs defined inline may replace previous VM definitions
2018-06-30 19:11:44,985 - Velocimacro : allowInlineLocal = false : VMs defined inline will be  global in scope if allowed.
2018-06-30 19:11:44,985 - Velocimacro : messages on  : VM system will output logging messages
2018-06-30 19:11:44,985 - Velocimacro : autoload on  : VM system will automatically reload global library macros
2018-06-30 19:11:44,985 - Velocimacro : initialization complete.
2018-06-30 19:11:44,985 - Velocity successfully started.
2018-06-30 19:12:35,657 - Velocimacro : added new VM : #displayCssMenu( menu ) : source = WEB-INF/classes/cssHorizontalMenu.vm
2018-06-30 19:12:35,660 - Velocimacro : added new VM : #displayCssSubMenu( submenu ) : source = WEB-INF/classes/cssHorizontalMenu.vm
2018-06-30 19:12:35,662 - VM #displayCssSubMenu: error : too few arguments to macro. Wanted 1 got 0
2018-06-30 19:12:35,681 - ResourceManager : found WEB-INF/classes/cssHorizontalMenu.vm with loader org.apache.velocity.tools.view.servlet.WebappLoader
2018-06-30 19:19:01,593 - SimpleLog4JLogSystem initialized using logfile 'velocity.log'
2018-06-30 19:19:01,595 - ************************************************************** 
2018-06-30 19:19:01,595 - Starting Jakarta Velocity v1.4
2018-06-30 19:19:01,595 - RuntimeInstance initializing.
2018-06-30 19:19:01,595 - Default Properties File: org\apache\velocity\runtime\defaults\velocity.properties
2018-06-30 19:19:01,595 - Trying to use logger class org.apache.velocity.runtime.log.AvalonLogSystem
2018-06-30 19:19:01,596 - Couldn't find class org.apache.velocity.runtime.log.AvalonLogSystem or necessary supporting classes in classpath. Exception : java.lang.NoClassDefFoundError: org/apache/log/format/Formatter
2018-06-30 19:19:01,596 - Trying to use logger class org.apache.velocity.runtime.log.SimpleLog4JLogSystem
2018-06-30 19:19:01,596 - Using logger class org.apache.velocity.runtime.log.SimpleLog4JLogSystem
2018-06-30 19:19:01,603 - Default ResourceManager initializing. (class org.apache.velocity.runtime.resource.ResourceManagerImpl)
2018-06-30 19:19:01,611 - Resource Loader Instantiated: org.apache.velocity.runtime.resource.loader.ClasspathResourceLoader
2018-06-30 19:19:01,612 - ClasspathResourceLoader : initialization starting.
2018-06-30 19:19:01,612 - ClasspathResourceLoader : initialization complete.
2018-06-30 19:19:01,612 - Resource Loader Instantiated: org.apache.velocity.tools.view.servlet.WebappLoader
2018-06-30 19:19:01,612 - WebappLoader : initialization starting.
2018-06-30 19:19:01,613 - WebappLoader : initialization complete.
2018-06-30 19:19:01,619 - ResourceCache : initialized. (class org.apache.velocity.runtime.resource.ResourceCacheImpl)
2018-06-30 19:19:01,620 - Default ResourceManager initialization complete.
2018-06-30 19:19:01,625 - Loaded System Directive: org.apache.velocity.runtime.directive.Literal
2018-06-30 19:19:01,632 - Loaded System Directive: org.apache.velocity.runtime.directive.Macro
2018-06-30 19:19:01,642 - Loaded System Directive: org.apache.velocity.runtime.directive.Parse
2018-06-30 19:19:01,650 - Loaded System Directive: org.apache.velocity.runtime.directive.Include
2018-06-30 19:19:01,653 - Loaded System Directive: org.apache.velocity.runtime.directive.Foreach
2018-06-30 19:19:01,655 - Loaded User Directive: net.sf.navigator.displayer.LocalDirective
2018-06-30 19:19:01,750 - Created: 20 parsers.
2018-06-30 19:19:01,776 - Velocimacro : initialization starting.
2018-06-30 19:19:01,777 - Velocimacro : adding VMs from VM library template : net/sf/navigator/displayer/globalMacros.vm
2018-06-30 19:19:01,797 - Velocimacro : added new VM : #eval( _macro ) : source = net/sf/navigator/displayer/globalMacros.vm
2018-06-30 19:19:01,825 - Velocimacro : added new VM : #displayMenu( menu level ) : source = net/sf/navigator/displayer/globalMacros.vm
2018-06-30 19:19:01,893 - ResourceManager : found net/sf/navigator/displayer/globalMacros.vm with loader org.apache.velocity.runtime.resource.loader.ClasspathResourceLoader
2018-06-30 19:19:01,893 - Velocimacro :  VM library template macro registration complete.
2018-06-30 19:19:01,893 - Velocimacro : adding VMs from VM library template : menuMacros.vm
2018-06-30 19:19:01,895 - ResourceManager : unable to find resource 'menuMacros.vm' in any resource loader.
2018-06-30 19:19:01,895 - Velocimacro : error using  VM library template menuMacros.vm : org.apache.velocity.exception.ResourceNotFoundException: Unable to find resource 'menuMacros.vm'
2018-06-30 19:19:01,895 - Velocimacro :  VM library template macro registration complete.
2018-06-30 19:19:01,896 - Velocimacro : allowInline = true : VMs can be defined inline in templates
2018-06-30 19:19:01,896 - Velocimacro : allowInlineToOverride = true : VMs defined inline may replace previous VM definitions
2018-06-30 19:19:01,896 - Velocimacro : allowInlineLocal = false : VMs defined inline will be  global in scope if allowed.
2018-06-30 19:19:01,896 - Velocimacro : messages on  : VM system will output logging messages
2018-06-30 19:19:01,896 - Velocimacro : autoload on  : VM system will automatically reload global library macros
2018-06-30 19:19:01,896 - Velocimacro : initialization complete.
2018-06-30 19:19:01,896 - Velocity successfully started.
2018-06-30 19:19:38,584 - Velocimacro : added new VM : #displayCssMenu( menu ) : source = WEB-INF/classes/cssHorizontalMenu.vm
2018-06-30 19:19:38,587 - Velocimacro : added new VM : #displayCssSubMenu( submenu ) : source = WEB-INF/classes/cssHorizontalMenu.vm
2018-06-30 19:19:38,589 - VM #displayCssSubMenu: error : too few arguments to macro. Wanted 1 got 0
2018-06-30 19:19:38,608 - ResourceManager : found WEB-INF/classes/cssHorizontalMenu.vm with loader org.apache.velocity.tools.view.servlet.WebappLoader
2018-07-01 00:26:20,274 - SimpleLog4JLogSystem initialized using logfile 'velocity.log'
2018-07-01 00:26:20,276 - ************************************************************** 
2018-07-01 00:26:20,276 - Starting Jakarta Velocity v1.4
2018-07-01 00:26:20,276 - RuntimeInstance initializing.
2018-07-01 00:26:20,276 - Default Properties File: org\apache\velocity\runtime\defaults\velocity.properties
2018-07-01 00:26:20,276 - Trying to use logger class org.apache.velocity.runtime.log.AvalonLogSystem
2018-07-01 00:26:20,276 - Couldn't find class org.apache.velocity.runtime.log.AvalonLogSystem or necessary supporting classes in classpath. Exception : java.lang.NoClassDefFoundError: org/apache/log/format/Formatter
2018-07-01 00:26:20,277 - Trying to use logger class org.apache.velocity.runtime.log.SimpleLog4JLogSystem
2018-07-01 00:26:20,277 - Using logger class org.apache.velocity.runtime.log.SimpleLog4JLogSystem
2018-07-01 00:26:20,286 - Default ResourceManager initializing. (class org.apache.velocity.runtime.resource.ResourceManagerImpl)
2018-07-01 00:26:20,299 - Resource Loader Instantiated: org.apache.velocity.runtime.resource.loader.ClasspathResourceLoader
2018-07-01 00:26:20,300 - ClasspathResourceLoader : initialization starting.
2018-07-01 00:26:20,300 - ClasspathResourceLoader : initialization complete.
2018-07-01 00:26:20,300 - Resource Loader Instantiated: org.apache.velocity.tools.view.servlet.WebappLoader
2018-07-01 00:26:20,301 - WebappLoader : initialization starting.
2018-07-01 00:26:20,301 - WebappLoader : initialization complete.
2018-07-01 00:26:20,307 - ResourceCache : initialized. (class org.apache.velocity.runtime.resource.ResourceCacheImpl)
2018-07-01 00:26:20,307 - Default ResourceManager initialization complete.
2018-07-01 00:26:20,312 - Loaded System Directive: org.apache.velocity.runtime.directive.Literal
2018-07-01 00:26:20,319 - Loaded System Directive: org.apache.velocity.runtime.directive.Macro
2018-07-01 00:26:20,328 - Loaded System Directive: org.apache.velocity.runtime.directive.Parse
2018-07-01 00:26:20,333 - Loaded System Directive: org.apache.velocity.runtime.directive.Include
2018-07-01 00:26:20,336 - Loaded System Directive: org.apache.velocity.runtime.directive.Foreach
2018-07-01 00:26:20,338 - Loaded User Directive: net.sf.navigator.displayer.LocalDirective
2018-07-01 00:26:20,415 - Created: 20 parsers.
2018-07-01 00:26:20,432 - Velocimacro : initialization starting.
2018-07-01 00:26:20,432 - Velocimacro : adding VMs from VM library template : net/sf/navigator/displayer/globalMacros.vm
2018-07-01 00:26:20,455 - Velocimacro : added new VM : #eval( _macro ) : source = net/sf/navigator/displayer/globalMacros.vm
2018-07-01 00:26:20,491 - Velocimacro : added new VM : #displayMenu( menu level ) : source = net/sf/navigator/displayer/globalMacros.vm
2018-07-01 00:26:20,562 - ResourceManager : found net/sf/navigator/displayer/globalMacros.vm with loader org.apache.velocity.runtime.resource.loader.ClasspathResourceLoader
2018-07-01 00:26:20,563 - Velocimacro :  VM library template macro registration complete.
2018-07-01 00:26:20,563 - Velocimacro : adding VMs from VM library template : menuMacros.vm
2018-07-01 00:26:20,566 - ResourceManager : unable to find resource 'menuMacros.vm' in any resource loader.
2018-07-01 00:26:20,566 - Velocimacro : error using  VM library template menuMacros.vm : org.apache.velocity.exception.ResourceNotFoundException: Unable to find resource 'menuMacros.vm'
2018-07-01 00:26:20,566 - Velocimacro :  VM library template macro registration complete.
2018-07-01 00:26:20,566 - Velocimacro : allowInline = true : VMs can be defined inline in templates
2018-07-01 00:26:20,567 - Velocimacro : allowInlineToOverride = true : VMs defined inline may replace previous VM definitions
2018-07-01 00:26:20,567 - Velocimacro : allowInlineLocal = false : VMs defined inline will be  global in scope if allowed.
2018-07-01 00:26:20,567 - Velocimacro : messages on  : VM system will output logging messages
2018-07-01 00:26:20,568 - Velocimacro : autoload on  : VM system will automatically reload global library macros
2018-07-01 00:26:20,568 - Velocimacro : initialization complete.
2018-07-01 00:26:20,568 - Velocity successfully started.
2018-07-01 00:26:58,655 - Velocimacro : added new VM : #displayCssMenu( menu ) : source = WEB-INF/classes/cssHorizontalMenu.vm
2018-07-01 00:26:58,658 - Velocimacro : added new VM : #displayCssSubMenu( submenu ) : source = WEB-INF/classes/cssHorizontalMenu.vm
2018-07-01 00:26:58,660 - VM #displayCssSubMenu: error : too few arguments to macro. Wanted 1 got 0
2018-07-01 00:26:58,679 - ResourceManager : found WEB-INF/classes/cssHorizontalMenu.vm with loader org.apache.velocity.tools.view.servlet.WebappLoader
2018-07-01 00:32:13,830 - SimpleLog4JLogSystem initialized using logfile 'velocity.log'
2018-07-01 00:32:13,831 - ************************************************************** 
2018-07-01 00:32:13,832 - Starting Jakarta Velocity v1.4
2018-07-01 00:32:13,832 - RuntimeInstance initializing.
2018-07-01 00:32:13,832 - Default Properties File: org\apache\velocity\runtime\defaults\velocity.properties
2018-07-01 00:32:13,832 - Trying to use logger class org.apache.velocity.runtime.log.AvalonLogSystem
2018-07-01 00:32:13,832 - Couldn't find class org.apache.velocity.runtime.log.AvalonLogSystem or necessary supporting classes in classpath. Exception : java.lang.NoClassDefFoundError: org/apache/log/format/Formatter
2018-07-01 00:32:13,832 - Trying to use logger class org.apache.velocity.runtime.log.SimpleLog4JLogSystem
2018-07-01 00:32:13,832 - Using logger class org.apache.velocity.runtime.log.SimpleLog4JLogSystem
2018-07-01 00:32:13,838 - Default ResourceManager initializing. (class org.apache.velocity.runtime.resource.ResourceManagerImpl)
2018-07-01 00:32:13,843 - Resource Loader Instantiated: org.apache.velocity.runtime.resource.loader.ClasspathResourceLoader
2018-07-01 00:32:13,843 - ClasspathResourceLoader : initialization starting.
2018-07-01 00:32:13,843 - ClasspathResourceLoader : initialization complete.
2018-07-01 00:32:13,844 - Resource Loader Instantiated: org.apache.velocity.tools.view.servlet.WebappLoader
2018-07-01 00:32:13,844 - WebappLoader : initialization starting.
2018-07-01 00:32:13,844 - WebappLoader : initialization complete.
2018-07-01 00:32:13,848 - ResourceCache : initialized. (class org.apache.velocity.runtime.resource.ResourceCacheImpl)
2018-07-01 00:32:13,849 - Default ResourceManager initialization complete.
2018-07-01 00:32:13,852 - Loaded System Directive: org.apache.velocity.runtime.directive.Literal
2018-07-01 00:32:13,857 - Loaded System Directive: org.apache.velocity.runtime.directive.Macro
2018-07-01 00:32:13,863 - Loaded System Directive: org.apache.velocity.runtime.directive.Parse
2018-07-01 00:32:13,868 - Loaded System Directive: org.apache.velocity.runtime.directive.Include
2018-07-01 00:32:13,870 - Loaded System Directive: org.apache.velocity.runtime.directive.Foreach
2018-07-01 00:32:13,873 - Loaded User Directive: net.sf.navigator.displayer.LocalDirective
2018-07-01 00:32:13,947 - Created: 20 parsers.
2018-07-01 00:32:13,964 - Velocimacro : initialization starting.
2018-07-01 00:32:13,964 - Velocimacro : adding VMs from VM library template : net/sf/navigator/displayer/globalMacros.vm
2018-07-01 00:32:13,987 - Velocimacro : added new VM : #eval( _macro ) : source = net/sf/navigator/displayer/globalMacros.vm
2018-07-01 00:32:14,022 - Velocimacro : added new VM : #displayMenu( menu level ) : source = net/sf/navigator/displayer/globalMacros.vm
2018-07-01 00:32:14,091 - ResourceManager : found net/sf/navigator/displayer/globalMacros.vm with loader org.apache.velocity.runtime.resource.loader.ClasspathResourceLoader
2018-07-01 00:32:14,092 - Velocimacro :  VM library template macro registration complete.
2018-07-01 00:32:14,092 - Velocimacro : adding VMs from VM library template : menuMacros.vm
2018-07-01 00:32:14,094 - ResourceManager : unable to find resource 'menuMacros.vm' in any resource loader.
2018-07-01 00:32:14,094 - Velocimacro : error using  VM library template menuMacros.vm : org.apache.velocity.exception.ResourceNotFoundException: Unable to find resource 'menuMacros.vm'
2018-07-01 00:32:14,094 - Velocimacro :  VM library template macro registration complete.
2018-07-01 00:32:14,095 - Velocimacro : allowInline = true : VMs can be defined inline in templates
2018-07-01 00:32:14,095 - Velocimacro : allowInlineToOverride = true : VMs defined inline may replace previous VM definitions
2018-07-01 00:32:14,095 - Velocimacro : allowInlineLocal = false : VMs defined inline will be  global in scope if allowed.
2018-07-01 00:32:14,095 - Velocimacro : messages on  : VM system will output logging messages
2018-07-01 00:32:14,095 - Velocimacro : autoload on  : VM system will automatically reload global library macros
2018-07-01 00:32:14,095 - Velocimacro : initialization complete.
2018-07-01 00:32:14,095 - Velocity successfully started.
2018-07-01 00:32:37,402 - Velocimacro : added new VM : #displayCssMenu( menu ) : source = WEB-INF/classes/cssHorizontalMenu.vm
2018-07-01 00:32:37,404 - Velocimacro : added new VM : #displayCssSubMenu( submenu ) : source = WEB-INF/classes/cssHorizontalMenu.vm
2018-07-01 00:32:37,405 - VM #displayCssSubMenu: error : too few arguments to macro. Wanted 1 got 0
2018-07-01 00:32:37,420 - ResourceManager : found WEB-INF/classes/cssHorizontalMenu.vm with loader org.apache.velocity.tools.view.servlet.WebappLoader
2018-07-01 23:03:57,796 - SimpleLog4JLogSystem initialized using logfile 'velocity.log'
2018-07-01 23:03:57,838 - ************************************************************** 
2018-07-01 23:03:57,838 - Starting Jakarta Velocity v1.4
2018-07-01 23:03:57,838 - RuntimeInstance initializing.
2018-07-01 23:03:57,838 - Default Properties File: org\apache\velocity\runtime\defaults\velocity.properties
2018-07-01 23:03:57,838 - Trying to use logger class org.apache.velocity.runtime.log.AvalonLogSystem
2018-07-01 23:03:57,838 - Couldn't find class org.apache.velocity.runtime.log.AvalonLogSystem or necessary supporting classes in classpath. Exception : java.lang.NoClassDefFoundError: org/apache/log/format/Formatter
2018-07-01 23:03:57,839 - Trying to use logger class org.apache.velocity.runtime.log.SimpleLog4JLogSystem
2018-07-01 23:03:57,839 - Using logger class org.apache.velocity.runtime.log.SimpleLog4JLogSystem
2018-07-01 23:03:57,846 - Default ResourceManager initializing. (class org.apache.velocity.runtime.resource.ResourceManagerImpl)
2018-07-01 23:03:57,851 - Resource Loader Instantiated: org.apache.velocity.runtime.resource.loader.ClasspathResourceLoader
2018-07-01 23:03:57,851 - ClasspathResourceLoader : initialization starting.
2018-07-01 23:03:57,851 - ClasspathResourceLoader : initialization complete.
2018-07-01 23:03:57,851 - Resource Loader Instantiated: org.apache.velocity.tools.view.servlet.WebappLoader
2018-07-01 23:03:57,852 - WebappLoader : initialization starting.
2018-07-01 23:03:57,852 - WebappLoader : initialization complete.
2018-07-01 23:03:57,857 - ResourceCache : initialized. (class org.apache.velocity.runtime.resource.ResourceCacheImpl)
2018-07-01 23:03:57,857 - Default ResourceManager initialization complete.
2018-07-01 23:03:57,861 - Loaded System Directive: org.apache.velocity.runtime.directive.Literal
2018-07-01 23:03:57,868 - Loaded System Directive: org.apache.velocity.runtime.directive.Macro
2018-07-01 23:03:57,875 - Loaded System Directive: org.apache.velocity.runtime.directive.Parse
2018-07-01 23:03:57,881 - Loaded System Directive: org.apache.velocity.runtime.directive.Include
2018-07-01 23:03:57,884 - Loaded System Directive: org.apache.velocity.runtime.directive.Foreach
2018-07-01 23:03:57,887 - Loaded User Directive: net.sf.navigator.displayer.LocalDirective
2018-07-01 23:03:57,974 - Created: 20 parsers.
2018-07-01 23:03:57,993 - Velocimacro : initialization starting.
2018-07-01 23:03:57,993 - Velocimacro : adding VMs from VM library template : net/sf/navigator/displayer/globalMacros.vm
2018-07-01 23:03:58,018 - Velocimacro : added new VM : #eval( _macro ) : source = net/sf/navigator/displayer/globalMacros.vm
2018-07-01 23:03:58,056 - Velocimacro : added new VM : #displayMenu( menu level ) : source = net/sf/navigator/displayer/globalMacros.vm
2018-07-01 23:03:58,154 - ResourceManager : found net/sf/navigator/displayer/globalMacros.vm with loader org.apache.velocity.runtime.resource.loader.ClasspathResourceLoader
2018-07-01 23:03:58,155 - Velocimacro :  VM library template macro registration complete.
2018-07-01 23:03:58,155 - Velocimacro : adding VMs from VM library template : menuMacros.vm
2018-07-01 23:03:58,157 - ResourceManager : unable to find resource 'menuMacros.vm' in any resource loader.
2018-07-01 23:03:58,157 - Velocimacro : error using  VM library template menuMacros.vm : org.apache.velocity.exception.ResourceNotFoundException: Unable to find resource 'menuMacros.vm'
2018-07-01 23:03:58,158 - Velocimacro :  VM library template macro registration complete.
2018-07-01 23:03:58,158 - Velocimacro : allowInline = true : VMs can be defined inline in templates
2018-07-01 23:03:58,158 - Velocimacro : allowInlineToOverride = true : VMs defined inline may replace previous VM definitions
2018-07-01 23:03:58,158 - Velocimacro : allowInlineLocal = false : VMs defined inline will be  global in scope if allowed.
2018-07-01 23:03:58,159 - Velocimacro : messages on  : VM system will output logging messages
2018-07-01 23:03:58,159 - Velocimacro : autoload on  : VM system will automatically reload global library macros
2018-07-01 23:03:58,159 - Velocimacro : initialization complete.
2018-07-01 23:03:58,159 - Velocity successfully started.
2018-07-01 23:04:28,943 - Velocimacro : added new VM : #displayCssMenu( menu ) : source = WEB-INF/classes/cssHorizontalMenu.vm
2018-07-01 23:04:28,946 - Velocimacro : added new VM : #displayCssSubMenu( submenu ) : source = WEB-INF/classes/cssHorizontalMenu.vm
2018-07-01 23:04:28,948 - VM #displayCssSubMenu: error : too few arguments to macro. Wanted 1 got 0
2018-07-01 23:04:28,966 - ResourceManager : found WEB-INF/classes/cssHorizontalMenu.vm with loader org.apache.velocity.tools.view.servlet.WebappLoader
2018-07-01 23:35:21,270 - SimpleLog4JLogSystem initialized using logfile 'velocity.log'
2018-07-01 23:35:21,271 - ************************************************************** 
2018-07-01 23:35:21,272 - Starting Jakarta Velocity v1.4
2018-07-01 23:35:21,272 - RuntimeInstance initializing.
2018-07-01 23:35:21,272 - Default Properties File: org\apache\velocity\runtime\defaults\velocity.properties
2018-07-01 23:35:21,272 - Trying to use logger class org.apache.velocity.runtime.log.AvalonLogSystem
2018-07-01 23:35:21,272 - Couldn't find class org.apache.velocity.runtime.log.AvalonLogSystem or necessary supporting classes in classpath. Exception : java.lang.NoClassDefFoundError: org/apache/log/format/Formatter
2018-07-01 23:35:21,272 - Trying to use logger class org.apache.velocity.runtime.log.SimpleLog4JLogSystem
2018-07-01 23:35:21,272 - Using logger class org.apache.velocity.runtime.log.SimpleLog4JLogSystem
2018-07-01 23:35:21,278 - Default ResourceManager initializing. (class org.apache.velocity.runtime.resource.ResourceManagerImpl)
2018-07-01 23:35:21,283 - Resource Loader Instantiated: org.apache.velocity.runtime.resource.loader.ClasspathResourceLoader
2018-07-01 23:35:21,283 - ClasspathResourceLoader : initialization starting.
2018-07-01 23:35:21,284 - ClasspathResourceLoader : initialization complete.
2018-07-01 23:35:21,284 - Resource Loader Instantiated: org.apache.velocity.tools.view.servlet.WebappLoader
2018-07-01 23:35:21,284 - WebappLoader : initialization starting.
2018-07-01 23:35:21,284 - WebappLoader : initialization complete.
2018-07-01 23:35:21,288 - ResourceCache : initialized. (class org.apache.velocity.runtime.resource.ResourceCacheImpl)
2018-07-01 23:35:21,289 - Default ResourceManager initialization complete.
2018-07-01 23:35:21,293 - Loaded System Directive: org.apache.velocity.runtime.directive.Literal
2018-07-01 23:35:21,297 - Loaded System Directive: org.apache.velocity.runtime.directive.Macro
2018-07-01 23:35:21,304 - Loaded System Directive: org.apache.velocity.runtime.directive.Parse
2018-07-01 23:35:21,308 - Loaded System Directive: org.apache.velocity.runtime.directive.Include
2018-07-01 23:35:21,311 - Loaded System Directive: org.apache.velocity.runtime.directive.Foreach
2018-07-01 23:35:21,314 - Loaded User Directive: net.sf.navigator.displayer.LocalDirective
2018-07-01 23:35:21,390 - Created: 20 parsers.
2018-07-01 23:35:21,409 - Velocimacro : initialization starting.
2018-07-01 23:35:21,409 - Velocimacro : adding VMs from VM library template : net/sf/navigator/displayer/globalMacros.vm
2018-07-01 23:35:21,433 - Velocimacro : added new VM : #eval( _macro ) : source = net/sf/navigator/displayer/globalMacros.vm
2018-07-01 23:35:21,469 - Velocimacro : added new VM : #displayMenu( menu level ) : source = net/sf/navigator/displayer/globalMacros.vm
2018-07-01 23:35:21,539 - ResourceManager : found net/sf/navigator/displayer/globalMacros.vm with loader org.apache.velocity.runtime.resource.loader.ClasspathResourceLoader
2018-07-01 23:35:21,540 - Velocimacro :  VM library template macro registration complete.
2018-07-01 23:35:21,540 - Velocimacro : adding VMs from VM library template : menuMacros.vm
2018-07-01 23:35:21,542 - ResourceManager : unable to find resource 'menuMacros.vm' in any resource loader.
2018-07-01 23:35:21,542 - Velocimacro : error using  VM library template menuMacros.vm : org.apache.velocity.exception.ResourceNotFoundException: Unable to find resource 'menuMacros.vm'
2018-07-01 23:35:21,542 - Velocimacro :  VM library template macro registration complete.
2018-07-01 23:35:21,542 - Velocimacro : allowInline = true : VMs can be defined inline in templates
2018-07-01 23:35:21,543 - Velocimacro : allowInlineToOverride = true : VMs defined inline may replace previous VM definitions
2018-07-01 23:35:21,543 - Velocimacro : allowInlineLocal = false : VMs defined inline will be  global in scope if allowed.
2018-07-01 23:35:21,543 - Velocimacro : messages on  : VM system will output logging messages
2018-07-01 23:35:21,543 - Velocimacro : autoload on  : VM system will automatically reload global library macros
2018-07-01 23:35:21,543 - Velocimacro : initialization complete.
2018-07-01 23:35:21,543 - Velocity successfully started.
2018-07-01 23:37:13,915 - Velocimacro : added new VM : #displayCssMenu( menu ) : source = WEB-INF/classes/cssHorizontalMenu.vm
2018-07-01 23:37:13,916 - Velocimacro : added new VM : #displayCssSubMenu( submenu ) : source = WEB-INF/classes/cssHorizontalMenu.vm
2018-07-01 23:37:13,918 - VM #displayCssSubMenu: error : too few arguments to macro. Wanted 1 got 0
2018-07-01 23:37:13,930 - ResourceManager : found WEB-INF/classes/cssHorizontalMenu.vm with loader org.apache.velocity.tools.view.servlet.WebappLoader
2018-07-02 01:04:31,659 - SimpleLog4JLogSystem initialized using logfile 'velocity.log'
2018-07-02 01:04:31,688 - ************************************************************** 
2018-07-02 01:04:31,688 - Starting Jakarta Velocity v1.4
2018-07-02 01:04:31,688 - RuntimeInstance initializing.
2018-07-02 01:04:31,688 - Default Properties File: org\apache\velocity\runtime\defaults\velocity.properties
2018-07-02 01:04:31,688 - Trying to use logger class org.apache.velocity.runtime.log.AvalonLogSystem
2018-07-02 01:04:31,688 - Couldn't find class org.apache.velocity.runtime.log.AvalonLogSystem or necessary supporting classes in classpath. Exception : java.lang.NoClassDefFoundError: org/apache/log/format/Formatter
2018-07-02 01:04:31,688 - Trying to use logger class org.apache.velocity.runtime.log.SimpleLog4JLogSystem
2018-07-02 01:04:31,688 - Using logger class org.apache.velocity.runtime.log.SimpleLog4JLogSystem
2018-07-02 01:04:31,695 - Default ResourceManager initializing. (class org.apache.velocity.runtime.resource.ResourceManagerImpl)
2018-07-02 01:04:31,701 - Resource Loader Instantiated: org.apache.velocity.runtime.resource.loader.ClasspathResourceLoader
2018-07-02 01:04:31,702 - ClasspathResourceLoader : initialization starting.
2018-07-02 01:04:31,702 - ClasspathResourceLoader : initialization complete.
2018-07-02 01:04:31,702 - Resource Loader Instantiated: org.apache.velocity.tools.view.servlet.WebappLoader
2018-07-02 01:04:31,702 - WebappLoader : initialization starting.
2018-07-02 01:04:31,702 - WebappLoader : initialization complete.
2018-07-02 01:04:31,706 - ResourceCache : initialized. (class org.apache.velocity.runtime.resource.ResourceCacheImpl)
2018-07-02 01:04:31,707 - Default ResourceManager initialization complete.
2018-07-02 01:04:31,710 - Loaded System Directive: org.apache.velocity.runtime.directive.Literal
2018-07-02 01:04:31,715 - Loaded System Directive: org.apache.velocity.runtime.directive.Macro
2018-07-02 01:04:31,722 - Loaded System Directive: org.apache.velocity.runtime.directive.Parse
2018-07-02 01:04:31,726 - Loaded System Directive: org.apache.velocity.runtime.directive.Include
2018-07-02 01:04:31,729 - Loaded System Directive: org.apache.velocity.runtime.directive.Foreach
2018-07-02 01:04:31,731 - Loaded User Directive: net.sf.navigator.displayer.LocalDirective
2018-07-02 01:04:31,810 - Created: 20 parsers.
2018-07-02 01:04:31,830 - Velocimacro : initialization starting.
2018-07-02 01:04:31,830 - Velocimacro : adding VMs from VM library template : net/sf/navigator/displayer/globalMacros.vm
2018-07-02 01:04:31,856 - Velocimacro : added new VM : #eval( _macro ) : source = net/sf/navigator/displayer/globalMacros.vm
2018-07-02 01:04:31,894 - Velocimacro : added new VM : #displayMenu( menu level ) : source = net/sf/navigator/displayer/globalMacros.vm
2018-07-02 01:04:31,973 - ResourceManager : found net/sf/navigator/displayer/globalMacros.vm with loader org.apache.velocity.runtime.resource.loader.ClasspathResourceLoader
2018-07-02 01:04:31,974 - Velocimacro :  VM library template macro registration complete.
2018-07-02 01:04:31,974 - Velocimacro : adding VMs from VM library template : menuMacros.vm
2018-07-02 01:04:31,976 - ResourceManager : unable to find resource 'menuMacros.vm' in any resource loader.
2018-07-02 01:04:31,976 - Velocimacro : error using  VM library template menuMacros.vm : org.apache.velocity.exception.ResourceNotFoundException: Unable to find resource 'menuMacros.vm'
2018-07-02 01:04:31,976 - Velocimacro :  VM library template macro registration complete.
2018-07-02 01:04:31,976 - Velocimacro : allowInline = true : VMs can be defined inline in templates
2018-07-02 01:04:31,977 - Velocimacro : allowInlineToOverride = true : VMs defined inline may replace previous VM definitions
2018-07-02 01:04:31,977 - Velocimacro : allowInlineLocal = false : VMs defined inline will be  global in scope if allowed.
2018-07-02 01:04:31,977 - Velocimacro : messages on  : VM system will output logging messages
2018-07-02 01:04:31,977 - Velocimacro : autoload on  : VM system will automatically reload global library macros
2018-07-02 01:04:31,977 - Velocimacro : initialization complete.
2018-07-02 01:04:31,978 - Velocity successfully started.
2018-07-02 01:04:58,375 - Velocimacro : added new VM : #displayCssMenu( menu ) : source = WEB-INF/classes/cssHorizontalMenu.vm
2018-07-02 01:04:58,377 - Velocimacro : added new VM : #displayCssSubMenu( submenu ) : source = WEB-INF/classes/cssHorizontalMenu.vm
2018-07-02 01:04:58,379 - VM #displayCssSubMenu: error : too few arguments to macro. Wanted 1 got 0
2018-07-02 01:04:58,398 - ResourceManager : found WEB-INF/classes/cssHorizontalMenu.vm with loader org.apache.velocity.tools.view.servlet.WebappLoader
2018-07-03 01:15:38,975 - SimpleLog4JLogSystem initialized using logfile 'velocity.log'
2018-07-03 01:15:39,012 - ************************************************************** 
2018-07-03 01:15:39,012 - Starting Jakarta Velocity v1.4
2018-07-03 01:15:39,012 - RuntimeInstance initializing.
2018-07-03 01:15:39,012 - Default Properties File: org\apache\velocity\runtime\defaults\velocity.properties
2018-07-03 01:15:39,012 - Trying to use logger class org.apache.velocity.runtime.log.AvalonLogSystem
2018-07-03 01:15:39,012 - Couldn't find class org.apache.velocity.runtime.log.AvalonLogSystem or necessary supporting classes in classpath. Exception : java.lang.NoClassDefFoundError: org/apache/log/format/Formatter
2018-07-03 01:15:39,013 - Trying to use logger class org.apache.velocity.runtime.log.SimpleLog4JLogSystem
2018-07-03 01:15:39,013 - Using logger class org.apache.velocity.runtime.log.SimpleLog4JLogSystem
2018-07-03 01:15:39,018 - Default ResourceManager initializing. (class org.apache.velocity.runtime.resource.ResourceManagerImpl)
2018-07-03 01:15:39,023 - Resource Loader Instantiated: org.apache.velocity.runtime.resource.loader.ClasspathResourceLoader
2018-07-03 01:15:39,023 - ClasspathResourceLoader : initialization starting.
2018-07-03 01:15:39,023 - ClasspathResourceLoader : initialization complete.
2018-07-03 01:15:39,023 - Resource Loader Instantiated: org.apache.velocity.tools.view.servlet.WebappLoader
2018-07-03 01:15:39,024 - WebappLoader : initialization starting.
2018-07-03 01:15:39,024 - WebappLoader : initialization complete.
2018-07-03 01:15:39,028 - ResourceCache : initialized. (class org.apache.velocity.runtime.resource.ResourceCacheImpl)
2018-07-03 01:15:39,028 - Default ResourceManager initialization complete.
2018-07-03 01:15:39,031 - Loaded System Directive: org.apache.velocity.runtime.directive.Literal
2018-07-03 01:15:39,035 - Loaded System Directive: org.apache.velocity.runtime.directive.Macro
2018-07-03 01:15:39,042 - Loaded System Directive: org.apache.velocity.runtime.directive.Parse
2018-07-03 01:15:39,046 - Loaded System Directive: org.apache.velocity.runtime.directive.Include
2018-07-03 01:15:39,048 - Loaded System Directive: org.apache.velocity.runtime.directive.Foreach
2018-07-03 01:15:39,051 - Loaded User Directive: net.sf.navigator.displayer.LocalDirective
2018-07-03 01:15:39,125 - Created: 20 parsers.
2018-07-03 01:15:39,143 - Velocimacro : initialization starting.
2018-07-03 01:15:39,143 - Velocimacro : adding VMs from VM library template : net/sf/navigator/displayer/globalMacros.vm
2018-07-03 01:15:39,167 - Velocimacro : added new VM : #eval( _macro ) : source = net/sf/navigator/displayer/globalMacros.vm
2018-07-03 01:15:39,202 - Velocimacro : added new VM : #displayMenu( menu level ) : source = net/sf/navigator/displayer/globalMacros.vm
2018-07-03 01:15:39,278 - ResourceManager : found net/sf/navigator/displayer/globalMacros.vm with loader org.apache.velocity.runtime.resource.loader.ClasspathResourceLoader
2018-07-03 01:15:39,279 - Velocimacro :  VM library template macro registration complete.
2018-07-03 01:15:39,279 - Velocimacro : adding VMs from VM library template : menuMacros.vm
2018-07-03 01:15:39,280 - ResourceManager : unable to find resource 'menuMacros.vm' in any resource loader.
2018-07-03 01:15:39,281 - Velocimacro : error using  VM library template menuMacros.vm : org.apache.velocity.exception.ResourceNotFoundException: Unable to find resource 'menuMacros.vm'
2018-07-03 01:15:39,281 - Velocimacro :  VM library template macro registration complete.
2018-07-03 01:15:39,281 - Velocimacro : allowInline = true : VMs can be defined inline in templates
2018-07-03 01:15:39,281 - Velocimacro : allowInlineToOverride = true : VMs defined inline may replace previous VM definitions
2018-07-03 01:15:39,281 - Velocimacro : allowInlineLocal = false : VMs defined inline will be  global in scope if allowed.
2018-07-03 01:15:39,282 - Velocimacro : messages on  : VM system will output logging messages
2018-07-03 01:15:39,282 - Velocimacro : autoload on  : VM system will automatically reload global library macros
2018-07-03 01:15:39,282 - Velocimacro : initialization complete.
2018-07-03 01:15:39,282 - Velocity successfully started.
2018-07-03 01:17:01,597 - Velocimacro : added new VM : #displayCssMenu( menu ) : source = WEB-INF/classes/cssHorizontalMenu.vm
2018-07-03 01:17:01,600 - Velocimacro : added new VM : #displayCssSubMenu( submenu ) : source = WEB-INF/classes/cssHorizontalMenu.vm
2018-07-03 01:17:01,602 - VM #displayCssSubMenu: error : too few arguments to macro. Wanted 1 got 0
2018-07-03 01:17:01,627 - ResourceManager : found WEB-INF/classes/cssHorizontalMenu.vm with loader org.apache.velocity.tools.view.servlet.WebappLoader
2018-07-03 01:36:02,540 - SimpleLog4JLogSystem initialized using logfile 'velocity.log'
2018-07-03 01:36:02,541 - ************************************************************** 
2018-07-03 01:36:02,542 - Starting Jakarta Velocity v1.4
2018-07-03 01:36:02,542 - RuntimeInstance initializing.
2018-07-03 01:36:02,542 - Default Properties File: org\apache\velocity\runtime\defaults\velocity.properties
2018-07-03 01:36:02,542 - Trying to use logger class org.apache.velocity.runtime.log.AvalonLogSystem
2018-07-03 01:36:02,542 - Couldn't find class org.apache.velocity.runtime.log.AvalonLogSystem or necessary supporting classes in classpath. Exception : java.lang.NoClassDefFoundError: org/apache/log/format/Formatter
2018-07-03 01:36:02,542 - Trying to use logger class org.apache.velocity.runtime.log.SimpleLog4JLogSystem
2018-07-03 01:36:02,542 - Using logger class org.apache.velocity.runtime.log.SimpleLog4JLogSystem
2018-07-03 01:36:02,548 - Default ResourceManager initializing. (class org.apache.velocity.runtime.resource.ResourceManagerImpl)
2018-07-03 01:36:02,553 - Resource Loader Instantiated: org.apache.velocity.runtime.resource.loader.ClasspathResourceLoader
2018-07-03 01:36:02,554 - ClasspathResourceLoader : initialization starting.
2018-07-03 01:36:02,554 - ClasspathResourceLoader : initialization complete.
2018-07-03 01:36:02,554 - Resource Loader Instantiated: org.apache.velocity.tools.view.servlet.WebappLoader
2018-07-03 01:36:02,554 - WebappLoader : initialization starting.
2018-07-03 01:36:02,555 - WebappLoader : initialization complete.
2018-07-03 01:36:02,559 - ResourceCache : initialized. (class org.apache.velocity.runtime.resource.ResourceCacheImpl)
2018-07-03 01:36:02,559 - Default ResourceManager initialization complete.
2018-07-03 01:36:02,563 - Loaded System Directive: org.apache.velocity.runtime.directive.Literal
2018-07-03 01:36:02,567 - Loaded System Directive: org.apache.velocity.runtime.directive.Macro
2018-07-03 01:36:02,574 - Loaded System Directive: org.apache.velocity.runtime.directive.Parse
2018-07-03 01:36:02,579 - Loaded System Directive: org.apache.velocity.runtime.directive.Include
2018-07-03 01:36:02,582 - Loaded System Directive: org.apache.velocity.runtime.directive.Foreach
2018-07-03 01:36:02,585 - Loaded User Directive: net.sf.navigator.displayer.LocalDirective
2018-07-03 01:36:02,663 - Created: 20 parsers.
2018-07-03 01:36:02,680 - Velocimacro : initialization starting.
2018-07-03 01:36:02,681 - Velocimacro : adding VMs from VM library template : net/sf/navigator/displayer/globalMacros.vm
2018-07-03 01:36:02,704 - Velocimacro : added new VM : #eval( _macro ) : source = net/sf/navigator/displayer/globalMacros.vm
2018-07-03 01:36:02,739 - Velocimacro : added new VM : #displayMenu( menu level ) : source = net/sf/navigator/displayer/globalMacros.vm
2018-07-03 01:36:02,810 - ResourceManager : found net/sf/navigator/displayer/globalMacros.vm with loader org.apache.velocity.runtime.resource.loader.ClasspathResourceLoader
2018-07-03 01:36:02,811 - Velocimacro :  VM library template macro registration complete.
2018-07-03 01:36:02,811 - Velocimacro : adding VMs from VM library template : menuMacros.vm
2018-07-03 01:36:02,813 - ResourceManager : unable to find resource 'menuMacros.vm' in any resource loader.
2018-07-03 01:36:02,813 - Velocimacro : error using  VM library template menuMacros.vm : org.apache.velocity.exception.ResourceNotFoundException: Unable to find resource 'menuMacros.vm'
2018-07-03 01:36:02,814 - Velocimacro :  VM library template macro registration complete.
2018-07-03 01:36:02,814 - Velocimacro : allowInline = true : VMs can be defined inline in templates
2018-07-03 01:36:02,814 - Velocimacro : allowInlineToOverride = true : VMs defined inline may replace previous VM definitions
2018-07-03 01:36:02,814 - Velocimacro : allowInlineLocal = false : VMs defined inline will be  global in scope if allowed.
2018-07-03 01:36:02,814 - Velocimacro : messages on  : VM system will output logging messages
2018-07-03 01:36:02,814 - Velocimacro : autoload on  : VM system will automatically reload global library macros
2018-07-03 01:36:02,815 - Velocimacro : initialization complete.
2018-07-03 01:36:02,815 - Velocity successfully started.
2018-07-03 01:36:38,187 - Velocimacro : added new VM : #displayCssMenu( menu ) : source = WEB-INF/classes/cssHorizontalMenu.vm
2018-07-03 01:36:38,191 - Velocimacro : added new VM : #displayCssSubMenu( submenu ) : source = WEB-INF/classes/cssHorizontalMenu.vm
2018-07-03 01:36:38,192 - VM #displayCssSubMenu: error : too few arguments to macro. Wanted 1 got 0
2018-07-03 01:36:38,211 - ResourceManager : found WEB-INF/classes/cssHorizontalMenu.vm with loader org.apache.velocity.tools.view.servlet.WebappLoader
2018-07-03 01:44:51,584 - SimpleLog4JLogSystem initialized using logfile 'velocity.log'
2018-07-03 01:44:51,586 - ************************************************************** 
2018-07-03 01:44:51,586 - Starting Jakarta Velocity v1.4
2018-07-03 01:44:51,586 - RuntimeInstance initializing.
2018-07-03 01:44:51,586 - Default Properties File: org\apache\velocity\runtime\defaults\velocity.properties
2018-07-03 01:44:51,586 - Trying to use logger class org.apache.velocity.runtime.log.AvalonLogSystem
2018-07-03 01:44:51,586 - Couldn't find class org.apache.velocity.runtime.log.AvalonLogSystem or necessary supporting classes in classpath. Exception : java.lang.NoClassDefFoundError: org/apache/log/format/Formatter
2018-07-03 01:44:51,586 - Trying to use logger class org.apache.velocity.runtime.log.SimpleLog4JLogSystem
2018-07-03 01:44:51,586 - Using logger class org.apache.velocity.runtime.log.SimpleLog4JLogSystem
2018-07-03 01:44:51,593 - Default ResourceManager initializing. (class org.apache.velocity.runtime.resource.ResourceManagerImpl)
2018-07-03 01:44:51,597 - Resource Loader Instantiated: org.apache.velocity.runtime.resource.loader.ClasspathResourceLoader
2018-07-03 01:44:51,598 - ClasspathResourceLoader : initialization starting.
2018-07-03 01:44:51,598 - ClasspathResourceLoader : initialization complete.
2018-07-03 01:44:51,598 - Resource Loader Instantiated: org.apache.velocity.tools.view.servlet.WebappLoader
2018-07-03 01:44:51,598 - WebappLoader : initialization starting.
2018-07-03 01:44:51,598 - WebappLoader : initialization complete.
2018-07-03 01:44:51,603 - ResourceCache : initialized. (class org.apache.velocity.runtime.resource.ResourceCacheImpl)
2018-07-03 01:44:51,603 - Default ResourceManager initialization complete.
2018-07-03 01:44:51,606 - Loaded System Directive: org.apache.velocity.runtime.directive.Literal
2018-07-03 01:44:51,611 - Loaded System Directive: org.apache.velocity.runtime.directive.Macro
2018-07-03 01:44:51,617 - Loaded System Directive: org.apache.velocity.runtime.directive.Parse
2018-07-03 01:44:51,622 - Loaded System Directive: org.apache.velocity.runtime.directive.Include
2018-07-03 01:44:51,625 - Loaded System Directive: org.apache.velocity.runtime.directive.Foreach
2018-07-03 01:44:51,627 - Loaded User Directive: net.sf.navigator.displayer.LocalDirective
2018-07-03 01:44:51,702 - Created: 20 parsers.
2018-07-03 01:44:51,720 - Velocimacro : initialization starting.
2018-07-03 01:44:51,720 - Velocimacro : adding VMs from VM library template : net/sf/navigator/displayer/globalMacros.vm
2018-07-03 01:44:51,745 - Velocimacro : added new VM : #eval( _macro ) : source = net/sf/navigator/displayer/globalMacros.vm
2018-07-03 01:44:51,782 - Velocimacro : added new VM : #displayMenu( menu level ) : source = net/sf/navigator/displayer/globalMacros.vm
2018-07-03 01:44:51,874 - ResourceManager : found net/sf/navigator/displayer/globalMacros.vm with loader org.apache.velocity.runtime.resource.loader.ClasspathResourceLoader
2018-07-03 01:44:51,875 - Velocimacro :  VM library template macro registration complete.
2018-07-03 01:44:51,875 - Velocimacro : adding VMs from VM library template : menuMacros.vm
2018-07-03 01:44:51,877 - ResourceManager : unable to find resource 'menuMacros.vm' in any resource loader.
2018-07-03 01:44:51,877 - Velocimacro : error using  VM library template menuMacros.vm : org.apache.velocity.exception.ResourceNotFoundException: Unable to find resource 'menuMacros.vm'
2018-07-03 01:44:51,877 - Velocimacro :  VM library template macro registration complete.
2018-07-03 01:44:51,878 - Velocimacro : allowInline = true : VMs can be defined inline in templates
2018-07-03 01:44:51,878 - Velocimacro : allowInlineToOverride = true : VMs defined inline may replace previous VM definitions
2018-07-03 01:44:51,878 - Velocimacro : allowInlineLocal = false : VMs defined inline will be  global in scope if allowed.
2018-07-03 01:44:51,878 - Velocimacro : messages on  : VM system will output logging messages
2018-07-03 01:44:51,878 - Velocimacro : autoload on  : VM system will automatically reload global library macros
2018-07-03 01:44:51,878 - Velocimacro : initialization complete.
2018-07-03 01:44:51,878 - Velocity successfully started.
2018-07-03 01:47:05,544 - Velocimacro : added new VM : #displayCssMenu( menu ) : source = WEB-INF/classes/cssHorizontalMenu.vm
2018-07-03 01:47:05,548 - Velocimacro : added new VM : #displayCssSubMenu( submenu ) : source = WEB-INF/classes/cssHorizontalMenu.vm
2018-07-03 01:47:05,550 - VM #displayCssSubMenu: error : too few arguments to macro. Wanted 1 got 0
2018-07-03 01:47:05,570 - ResourceManager : found WEB-INF/classes/cssHorizontalMenu.vm with loader org.apache.velocity.tools.view.servlet.WebappLoader
2018-07-03 01:58:10,594 - SimpleLog4JLogSystem initialized using logfile 'velocity.log'
2018-07-03 01:58:10,596 - ************************************************************** 
2018-07-03 01:58:10,596 - Starting Jakarta Velocity v1.4
2018-07-03 01:58:10,596 - RuntimeInstance initializing.
2018-07-03 01:58:10,596 - Default Properties File: org\apache\velocity\runtime\defaults\velocity.properties
2018-07-03 01:58:10,596 - Trying to use logger class org.apache.velocity.runtime.log.AvalonLogSystem
2018-07-03 01:58:10,597 - Couldn't find class org.apache.velocity.runtime.log.AvalonLogSystem or necessary supporting classes in classpath. Exception : java.lang.NoClassDefFoundError: org/apache/log/format/Formatter
2018-07-03 01:58:10,597 - Trying to use logger class org.apache.velocity.runtime.log.SimpleLog4JLogSystem
2018-07-03 01:58:10,597 - Using logger class org.apache.velocity.runtime.log.SimpleLog4JLogSystem
2018-07-03 01:58:10,616 - Default ResourceManager initializing. (class org.apache.velocity.runtime.resource.ResourceManagerImpl)
2018-07-03 01:58:10,633 - Resource Loader Instantiated: org.apache.velocity.runtime.resource.loader.ClasspathResourceLoader
2018-07-03 01:58:10,633 - ClasspathResourceLoader : initialization starting.
2018-07-03 01:58:10,634 - ClasspathResourceLoader : initialization complete.
2018-07-03 01:58:10,635 - Resource Loader Instantiated: org.apache.velocity.tools.view.servlet.WebappLoader
2018-07-03 01:58:10,636 - WebappLoader : initialization starting.
2018-07-03 01:58:10,636 - WebappLoader : initialization complete.
2018-07-03 01:58:10,646 - ResourceCache : initialized. (class org.apache.velocity.runtime.resource.ResourceCacheImpl)
2018-07-03 01:58:10,647 - Default ResourceManager initialization complete.
2018-07-03 01:58:10,653 - Loaded System Directive: org.apache.velocity.runtime.directive.Literal
2018-07-03 01:58:10,670 - Loaded System Directive: org.apache.velocity.runtime.directive.Macro
2018-07-03 01:58:10,691 - Loaded System Directive: org.apache.velocity.runtime.directive.Parse
2018-07-03 01:58:10,699 - Loaded System Directive: org.apache.velocity.runtime.directive.Include
2018-07-03 01:58:10,707 - Loaded System Directive: org.apache.velocity.runtime.directive.Foreach
2018-07-03 01:58:10,727 - Loaded User Directive: net.sf.navigator.displayer.LocalDirective
2018-07-03 01:58:11,000 - Created: 20 parsers.
2018-07-03 01:58:11,050 - Velocimacro : initialization starting.
2018-07-03 01:58:11,051 - Velocimacro : adding VMs from VM library template : net/sf/navigator/displayer/globalMacros.vm
2018-07-03 01:58:11,153 - Velocimacro : added new VM : #eval( _macro ) : source = net/sf/navigator/displayer/globalMacros.vm
2018-07-03 01:58:11,245 - Velocimacro : added new VM : #displayMenu( menu level ) : source = net/sf/navigator/displayer/globalMacros.vm
2018-07-03 01:58:11,516 - ResourceManager : found net/sf/navigator/displayer/globalMacros.vm with loader org.apache.velocity.runtime.resource.loader.ClasspathResourceLoader
2018-07-03 01:58:11,519 - Velocimacro :  VM library template macro registration complete.
2018-07-03 01:58:11,520 - Velocimacro : adding VMs from VM library template : menuMacros.vm
2018-07-03 01:58:11,522 - ResourceManager : unable to find resource 'menuMacros.vm' in any resource loader.
2018-07-03 01:58:11,522 - Velocimacro : error using  VM library template menuMacros.vm : org.apache.velocity.exception.ResourceNotFoundException: Unable to find resource 'menuMacros.vm'
2018-07-03 01:58:11,523 - Velocimacro :  VM library template macro registration complete.
2018-07-03 01:58:11,523 - Velocimacro : allowInline = true : VMs can be defined inline in templates
2018-07-03 01:58:11,523 - Velocimacro : allowInlineToOverride = true : VMs defined inline may replace previous VM definitions
2018-07-03 01:58:11,523 - Velocimacro : allowInlineLocal = false : VMs defined inline will be  global in scope if allowed.
2018-07-03 01:58:11,523 - Velocimacro : messages on  : VM system will output logging messages
2018-07-03 01:58:11,524 - Velocimacro : autoload on  : VM system will automatically reload global library macros
2018-07-03 01:58:11,524 - Velocimacro : initialization complete.
2018-07-03 01:58:11,524 - Velocity successfully started.
2018-07-03 01:58:51,136 - Velocimacro : added new VM : #displayCssMenu( menu ) : source = WEB-INF/classes/cssHorizontalMenu.vm
2018-07-03 01:58:51,139 - Velocimacro : added new VM : #displayCssSubMenu( submenu ) : source = WEB-INF/classes/cssHorizontalMenu.vm
2018-07-03 01:58:51,141 - VM #displayCssSubMenu: error : too few arguments to macro. Wanted 1 got 0
2018-07-03 01:58:51,162 - ResourceManager : found WEB-INF/classes/cssHorizontalMenu.vm with loader org.apache.velocity.tools.view.servlet.WebappLoader
2018-07-03 02:07:59,999 - SimpleLog4JLogSystem initialized using logfile 'velocity.log'
2018-07-03 02:08:00,001 - ************************************************************** 
2018-07-03 02:08:00,001 - Starting Jakarta Velocity v1.4
2018-07-03 02:08:00,002 - RuntimeInstance initializing.
2018-07-03 02:08:00,002 - Default Properties File: org\apache\velocity\runtime\defaults\velocity.properties
2018-07-03 02:08:00,003 - Trying to use logger class org.apache.velocity.runtime.log.AvalonLogSystem
2018-07-03 02:08:00,003 - Couldn't find class org.apache.velocity.runtime.log.AvalonLogSystem or necessary supporting classes in classpath. Exception : java.lang.NoClassDefFoundError: org/apache/log/format/Formatter
2018-07-03 02:08:00,004 - Trying to use logger class org.apache.velocity.runtime.log.SimpleLog4JLogSystem
2018-07-03 02:08:00,004 - Using logger class org.apache.velocity.runtime.log.SimpleLog4JLogSystem
2018-07-03 02:08:00,014 - Default ResourceManager initializing. (class org.apache.velocity.runtime.resource.ResourceManagerImpl)
2018-07-03 02:08:00,021 - Resource Loader Instantiated: org.apache.velocity.runtime.resource.loader.ClasspathResourceLoader
2018-07-03 02:08:00,022 - ClasspathResourceLoader : initialization starting.
2018-07-03 02:08:00,022 - ClasspathResourceLoader : initialization complete.
2018-07-03 02:08:00,022 - Resource Loader Instantiated: org.apache.velocity.tools.view.servlet.WebappLoader
2018-07-03 02:08:00,023 - WebappLoader : initialization starting.
2018-07-03 02:08:00,023 - WebappLoader : initialization complete.
2018-07-03 02:08:00,030 - ResourceCache : initialized. (class org.apache.velocity.runtime.resource.ResourceCacheImpl)
2018-07-03 02:08:00,030 - Default ResourceManager initialization complete.
2018-07-03 02:08:00,036 - Loaded System Directive: org.apache.velocity.runtime.directive.Literal
2018-07-03 02:08:00,044 - Loaded System Directive: org.apache.velocity.runtime.directive.Macro
2018-07-03 02:08:00,054 - Loaded System Directive: org.apache.velocity.runtime.directive.Parse
2018-07-03 02:08:00,062 - Loaded System Directive: org.apache.velocity.runtime.directive.Include
2018-07-03 02:08:00,065 - Loaded System Directive: org.apache.velocity.runtime.directive.Foreach
2018-07-03 02:08:00,068 - Loaded User Directive: net.sf.navigator.displayer.LocalDirective
2018-07-03 02:08:00,152 - Created: 20 parsers.
2018-07-03 02:08:00,171 - Velocimacro : initialization starting.
2018-07-03 02:08:00,172 - Velocimacro : adding VMs from VM library template : net/sf/navigator/displayer/globalMacros.vm
2018-07-03 02:08:00,198 - Velocimacro : added new VM : #eval( _macro ) : source = net/sf/navigator/displayer/globalMacros.vm
2018-07-03 02:08:00,236 - Velocimacro : added new VM : #displayMenu( menu level ) : source = net/sf/navigator/displayer/globalMacros.vm
2018-07-03 02:08:00,306 - ResourceManager : found net/sf/navigator/displayer/globalMacros.vm with loader org.apache.velocity.runtime.resource.loader.ClasspathResourceLoader
2018-07-03 02:08:00,306 - Velocimacro :  VM library template macro registration complete.
2018-07-03 02:08:00,307 - Velocimacro : adding VMs from VM library template : menuMacros.vm
2018-07-03 02:08:00,308 - ResourceManager : unable to find resource 'menuMacros.vm' in any resource loader.
2018-07-03 02:08:00,309 - Velocimacro : error using  VM library template menuMacros.vm : org.apache.velocity.exception.ResourceNotFoundException: Unable to find resource 'menuMacros.vm'
2018-07-03 02:08:00,309 - Velocimacro :  VM library template macro registration complete.
2018-07-03 02:08:00,309 - Velocimacro : allowInline = true : VMs can be defined inline in templates
2018-07-03 02:08:00,309 - Velocimacro : allowInlineToOverride = true : VMs defined inline may replace previous VM definitions
2018-07-03 02:08:00,310 - Velocimacro : allowInlineLocal = false : VMs defined inline will be  global in scope if allowed.
2018-07-03 02:08:00,310 - Velocimacro : messages on  : VM system will output logging messages
2018-07-03 02:08:00,310 - Velocimacro : autoload on  : VM system will automatically reload global library macros
2018-07-03 02:08:00,310 - Velocimacro : initialization complete.
2018-07-03 02:08:00,310 - Velocity successfully started.
2018-07-03 02:08:35,583 - Velocimacro : added new VM : #displayCssMenu( menu ) : source = WEB-INF/classes/cssHorizontalMenu.vm
2018-07-03 02:08:35,586 - Velocimacro : added new VM : #displayCssSubMenu( submenu ) : source = WEB-INF/classes/cssHorizontalMenu.vm
2018-07-03 02:08:35,587 - VM #displayCssSubMenu: error : too few arguments to macro. Wanted 1 got 0
2018-07-03 02:08:35,608 - ResourceManager : found WEB-INF/classes/cssHorizontalMenu.vm with loader org.apache.velocity.tools.view.servlet.WebappLoader
2018-07-04 00:04:16,318 - SimpleLog4JLogSystem initialized using logfile 'velocity.log'
2018-07-04 00:04:16,321 - ************************************************************** 
2018-07-04 00:04:16,321 - Starting Jakarta Velocity v1.4
2018-07-04 00:04:16,321 - RuntimeInstance initializing.
2018-07-04 00:04:16,321 - Default Properties File: org\apache\velocity\runtime\defaults\velocity.properties
2018-07-04 00:04:16,322 - Trying to use logger class org.apache.velocity.runtime.log.AvalonLogSystem
2018-07-04 00:04:16,322 - Couldn't find class org.apache.velocity.runtime.log.AvalonLogSystem or necessary supporting classes in classpath. Exception : java.lang.NoClassDefFoundError: org/apache/log/format/Formatter
2018-07-04 00:04:16,322 - Trying to use logger class org.apache.velocity.runtime.log.SimpleLog4JLogSystem
2018-07-04 00:04:16,322 - Using logger class org.apache.velocity.runtime.log.SimpleLog4JLogSystem
2018-07-04 00:04:16,328 - Default ResourceManager initializing. (class org.apache.velocity.runtime.resource.ResourceManagerImpl)
2018-07-04 00:04:16,336 - Resource Loader Instantiated: org.apache.velocity.runtime.resource.loader.ClasspathResourceLoader
2018-07-04 00:04:16,337 - ClasspathResourceLoader : initialization starting.
2018-07-04 00:04:16,337 - ClasspathResourceLoader : initialization complete.
2018-07-04 00:04:16,338 - Resource Loader Instantiated: org.apache.velocity.tools.view.servlet.WebappLoader
2018-07-04 00:04:16,338 - WebappLoader : initialization starting.
2018-07-04 00:04:16,338 - WebappLoader : initialization complete.
2018-07-04 00:04:16,343 - ResourceCache : initialized. (class org.apache.velocity.runtime.resource.ResourceCacheImpl)
2018-07-04 00:04:16,343 - Default ResourceManager initialization complete.
2018-07-04 00:04:16,347 - Loaded System Directive: org.apache.velocity.runtime.directive.Literal
2018-07-04 00:04:16,351 - Loaded System Directive: org.apache.velocity.runtime.directive.Macro
2018-07-04 00:04:16,360 - Loaded System Directive: org.apache.velocity.runtime.directive.Parse
2018-07-04 00:04:16,365 - Loaded System Directive: org.apache.velocity.runtime.directive.Include
2018-07-04 00:04:16,367 - Loaded System Directive: org.apache.velocity.runtime.directive.Foreach
2018-07-04 00:04:16,372 - Loaded User Directive: net.sf.navigator.displayer.LocalDirective
2018-07-04 00:04:16,462 - Created: 20 parsers.
2018-07-04 00:04:16,482 - Velocimacro : initialization starting.
2018-07-04 00:04:16,482 - Velocimacro : adding VMs from VM library template : net/sf/navigator/displayer/globalMacros.vm
2018-07-04 00:04:16,511 - Velocimacro : added new VM : #eval( _macro ) : source = net/sf/navigator/displayer/globalMacros.vm
2018-07-04 00:04:16,554 - Velocimacro : added new VM : #displayMenu( menu level ) : source = net/sf/navigator/displayer/globalMacros.vm
2018-07-04 00:04:16,649 - ResourceManager : found net/sf/navigator/displayer/globalMacros.vm with loader org.apache.velocity.runtime.resource.loader.ClasspathResourceLoader
2018-07-04 00:04:16,649 - Velocimacro :  VM library template macro registration complete.
2018-07-04 00:04:16,649 - Velocimacro : adding VMs from VM library template : menuMacros.vm
2018-07-04 00:04:16,651 - ResourceManager : unable to find resource 'menuMacros.vm' in any resource loader.
2018-07-04 00:04:16,651 - Velocimacro : error using  VM library template menuMacros.vm : org.apache.velocity.exception.ResourceNotFoundException: Unable to find resource 'menuMacros.vm'
2018-07-04 00:04:16,651 - Velocimacro :  VM library template macro registration complete.
2018-07-04 00:04:16,652 - Velocimacro : allowInline = true : VMs can be defined inline in templates
2018-07-04 00:04:16,652 - Velocimacro : allowInlineToOverride = true : VMs defined inline may replace previous VM definitions
2018-07-04 00:04:16,652 - Velocimacro : allowInlineLocal = false : VMs defined inline will be  global in scope if allowed.
2018-07-04 00:04:16,652 - Velocimacro : messages on  : VM system will output logging messages
2018-07-04 00:04:16,652 - Velocimacro : autoload on  : VM system will automatically reload global library macros
2018-07-04 00:04:16,652 - Velocimacro : initialization complete.
2018-07-04 00:04:16,653 - Velocity successfully started.
2018-07-04 00:05:42,897 - Velocimacro : added new VM : #displayCssMenu( menu ) : source = WEB-INF/classes/cssHorizontalMenu.vm
2018-07-04 00:05:42,901 - Velocimacro : added new VM : #displayCssSubMenu( submenu ) : source = WEB-INF/classes/cssHorizontalMenu.vm
2018-07-04 00:05:42,904 - VM #displayCssSubMenu: error : too few arguments to macro. Wanted 1 got 0
2018-07-04 00:05:42,931 - ResourceManager : found WEB-INF/classes/cssHorizontalMenu.vm with loader org.apache.velocity.tools.view.servlet.WebappLoader
2018-07-04 00:20:44,308 - SimpleLog4JLogSystem initialized using logfile 'velocity.log'
2018-07-04 00:20:44,310 - ************************************************************** 
2018-07-04 00:20:44,310 - Starting Jakarta Velocity v1.4
2018-07-04 00:20:44,310 - RuntimeInstance initializing.
2018-07-04 00:20:44,310 - Default Properties File: org\apache\velocity\runtime\defaults\velocity.properties
2018-07-04 00:20:44,310 - Trying to use logger class org.apache.velocity.runtime.log.AvalonLogSystem
2018-07-04 00:20:44,310 - Couldn't find class org.apache.velocity.runtime.log.AvalonLogSystem or necessary supporting classes in classpath. Exception : java.lang.NoClassDefFoundError: org/apache/log/format/Formatter
2018-07-04 00:20:44,311 - Trying to use logger class org.apache.velocity.runtime.log.SimpleLog4JLogSystem
2018-07-04 00:20:44,311 - Using logger class org.apache.velocity.runtime.log.SimpleLog4JLogSystem
2018-07-04 00:20:44,317 - Default ResourceManager initializing. (class org.apache.velocity.runtime.resource.ResourceManagerImpl)
2018-07-04 00:20:44,322 - Resource Loader Instantiated: org.apache.velocity.runtime.resource.loader.ClasspathResourceLoader
2018-07-04 00:20:44,323 - ClasspathResourceLoader : initialization starting.
2018-07-04 00:20:44,323 - ClasspathResourceLoader : initialization complete.
2018-07-04 00:20:44,323 - Resource Loader Instantiated: org.apache.velocity.tools.view.servlet.WebappLoader
2018-07-04 00:20:44,323 - WebappLoader : initialization starting.
2018-07-04 00:20:44,324 - WebappLoader : initialization complete.
2018-07-04 00:20:44,328 - ResourceCache : initialized. (class org.apache.velocity.runtime.resource.ResourceCacheImpl)
2018-07-04 00:20:44,328 - Default ResourceManager initialization complete.
2018-07-04 00:20:44,332 - Loaded System Directive: org.apache.velocity.runtime.directive.Literal
2018-07-04 00:20:44,337 - Loaded System Directive: org.apache.velocity.runtime.directive.Macro
2018-07-04 00:20:44,343 - Loaded System Directive: org.apache.velocity.runtime.directive.Parse
2018-07-04 00:20:44,348 - Loaded System Directive: org.apache.velocity.runtime.directive.Include
2018-07-04 00:20:44,351 - Loaded System Directive: org.apache.velocity.runtime.directive.Foreach
2018-07-04 00:20:44,354 - Loaded User Directive: net.sf.navigator.displayer.LocalDirective
2018-07-04 00:20:44,430 - Created: 20 parsers.
2018-07-04 00:20:44,448 - Velocimacro : initialization starting.
2018-07-04 00:20:44,448 - Velocimacro : adding VMs from VM library template : net/sf/navigator/displayer/globalMacros.vm
2018-07-04 00:20:44,471 - Velocimacro : added new VM : #eval( _macro ) : source = net/sf/navigator/displayer/globalMacros.vm
2018-07-04 00:20:44,507 - Velocimacro : added new VM : #displayMenu( menu level ) : source = net/sf/navigator/displayer/globalMacros.vm
2018-07-04 00:20:44,578 - ResourceManager : found net/sf/navigator/displayer/globalMacros.vm with loader org.apache.velocity.runtime.resource.loader.ClasspathResourceLoader
2018-07-04 00:20:44,579 - Velocimacro :  VM library template macro registration complete.
2018-07-04 00:20:44,579 - Velocimacro : adding VMs from VM library template : menuMacros.vm
2018-07-04 00:20:44,581 - ResourceManager : unable to find resource 'menuMacros.vm' in any resource loader.
2018-07-04 00:20:44,581 - Velocimacro : error using  VM library template menuMacros.vm : org.apache.velocity.exception.ResourceNotFoundException: Unable to find resource 'menuMacros.vm'
2018-07-04 00:20:44,581 - Velocimacro :  VM library template macro registration complete.
2018-07-04 00:20:44,581 - Velocimacro : allowInline = true : VMs can be defined inline in templates
2018-07-04 00:20:44,581 - Velocimacro : allowInlineToOverride = true : VMs defined inline may replace previous VM definitions
2018-07-04 00:20:44,582 - Velocimacro : allowInlineLocal = false : VMs defined inline will be  global in scope if allowed.
2018-07-04 00:20:44,582 - Velocimacro : messages on  : VM system will output logging messages
2018-07-04 00:20:44,582 - Velocimacro : autoload on  : VM system will automatically reload global library macros
2018-07-04 00:20:44,582 - Velocimacro : initialization complete.
2018-07-04 00:20:44,582 - Velocity successfully started.
2018-07-04 00:21:13,857 - Velocimacro : added new VM : #displayCssMenu( menu ) : source = WEB-INF/classes/cssHorizontalMenu.vm
2018-07-04 00:21:13,860 - Velocimacro : added new VM : #displayCssSubMenu( submenu ) : source = WEB-INF/classes/cssHorizontalMenu.vm
2018-07-04 00:21:13,862 - VM #displayCssSubMenu: error : too few arguments to macro. Wanted 1 got 0
2018-07-04 00:21:13,917 - ResourceManager : found WEB-INF/classes/cssHorizontalMenu.vm with loader org.apache.velocity.tools.view.servlet.WebappLoader
2018-07-04 22:22:33,804 - SimpleLog4JLogSystem initialized using logfile 'velocity.log'
2018-07-04 22:22:33,806 - ************************************************************** 
2018-07-04 22:22:33,806 - Starting Jakarta Velocity v1.4
2018-07-04 22:22:33,806 - RuntimeInstance initializing.
2018-07-04 22:22:33,806 - Default Properties File: org\apache\velocity\runtime\defaults\velocity.properties
2018-07-04 22:22:33,806 - Trying to use logger class org.apache.velocity.runtime.log.AvalonLogSystem
2018-07-04 22:22:33,806 - Couldn't find class org.apache.velocity.runtime.log.AvalonLogSystem or necessary supporting classes in classpath. Exception : java.lang.NoClassDefFoundError: org/apache/log/format/Formatter
2018-07-04 22:22:33,806 - Trying to use logger class org.apache.velocity.runtime.log.SimpleLog4JLogSystem
2018-07-04 22:22:33,807 - Using logger class org.apache.velocity.runtime.log.SimpleLog4JLogSystem
2018-07-04 22:22:33,813 - Default ResourceManager initializing. (class org.apache.velocity.runtime.resource.ResourceManagerImpl)
2018-07-04 22:22:33,819 - Resource Loader Instantiated: org.apache.velocity.runtime.resource.loader.ClasspathResourceLoader
2018-07-04 22:22:33,819 - ClasspathResourceLoader : initialization starting.
2018-07-04 22:22:33,819 - ClasspathResourceLoader : initialization complete.
2018-07-04 22:22:33,820 - Resource Loader Instantiated: org.apache.velocity.tools.view.servlet.WebappLoader
2018-07-04 22:22:33,820 - WebappLoader : initialization starting.
2018-07-04 22:22:33,820 - WebappLoader : initialization complete.
2018-07-04 22:22:33,824 - ResourceCache : initialized. (class org.apache.velocity.runtime.resource.ResourceCacheImpl)
2018-07-04 22:22:33,825 - Default ResourceManager initialization complete.
2018-07-04 22:22:33,828 - Loaded System Directive: org.apache.velocity.runtime.directive.Literal
2018-07-04 22:22:33,833 - Loaded System Directive: org.apache.velocity.runtime.directive.Macro
2018-07-04 22:22:33,841 - Loaded System Directive: org.apache.velocity.runtime.directive.Parse
2018-07-04 22:22:33,848 - Loaded System Directive: org.apache.velocity.runtime.directive.Include
2018-07-04 22:22:33,851 - Loaded System Directive: org.apache.velocity.runtime.directive.Foreach
2018-07-04 22:22:33,853 - Loaded User Directive: net.sf.navigator.displayer.LocalDirective
2018-07-04 22:22:33,934 - Created: 20 parsers.
2018-07-04 22:22:33,955 - Velocimacro : initialization starting.
2018-07-04 22:22:33,955 - Velocimacro : adding VMs from VM library template : net/sf/navigator/displayer/globalMacros.vm
2018-07-04 22:22:33,981 - Velocimacro : added new VM : #eval( _macro ) : source = net/sf/navigator/displayer/globalMacros.vm
2018-07-04 22:22:34,021 - Velocimacro : added new VM : #displayMenu( menu level ) : source = net/sf/navigator/displayer/globalMacros.vm
2018-07-04 22:22:34,115 - ResourceManager : found net/sf/navigator/displayer/globalMacros.vm with loader org.apache.velocity.runtime.resource.loader.ClasspathResourceLoader
2018-07-04 22:22:34,115 - Velocimacro :  VM library template macro registration complete.
2018-07-04 22:22:34,115 - Velocimacro : adding VMs from VM library template : menuMacros.vm
2018-07-04 22:22:34,118 - ResourceManager : unable to find resource 'menuMacros.vm' in any resource loader.
2018-07-04 22:22:34,118 - Velocimacro : error using  VM library template menuMacros.vm : org.apache.velocity.exception.ResourceNotFoundException: Unable to find resource 'menuMacros.vm'
2018-07-04 22:22:34,118 - Velocimacro :  VM library template macro registration complete.
2018-07-04 22:22:34,118 - Velocimacro : allowInline = true : VMs can be defined inline in templates
2018-07-04 22:22:34,118 - Velocimacro : allowInlineToOverride = true : VMs defined inline may replace previous VM definitions
2018-07-04 22:22:34,119 - Velocimacro : allowInlineLocal = false : VMs defined inline will be  global in scope if allowed.
2018-07-04 22:22:34,119 - Velocimacro : messages on  : VM system will output logging messages
2018-07-04 22:22:34,119 - Velocimacro : autoload on  : VM system will automatically reload global library macros
2018-07-04 22:22:34,119 - Velocimacro : initialization complete.
2018-07-04 22:22:34,119 - Velocity successfully started.
2018-07-04 22:23:14,797 - Velocimacro : added new VM : #displayCssMenu( menu ) : source = WEB-INF/classes/cssHorizontalMenu.vm
2018-07-04 22:23:14,808 - Velocimacro : added new VM : #displayCssSubMenu( submenu ) : source = WEB-INF/classes/cssHorizontalMenu.vm
2018-07-04 22:23:14,811 - VM #displayCssSubMenu: error : too few arguments to macro. Wanted 1 got 0
2018-07-04 22:23:14,873 - ResourceManager : found WEB-INF/classes/cssHorizontalMenu.vm with loader org.apache.velocity.tools.view.servlet.WebappLoader
